/home/shalaev/.emacs.d/cloud
10/30 19:43:59: uploaded ~/programming/emacs/main/kalinin
10/30 19:43:59: uploaded ~/Private/Russia/2020/next-time.txt
10/30 19:43:59: uploaded ~/Private/work/cloud/cloud.org
10/30 19:43:59: uploaded ~/Private/work/cloud/debug.el
10/30 19:43:59: uploaded ~/Private/work/cloud/README.org
10/30 19:43:59: uploaded ~/Private/work/cloud/todo.txt
10/30 19:45:39: "2020-10-30 19:43:52 EDT" 3 1 "kalinin"  "kalinin" "\\" "" "" "\"" "" "" "~/.emacs.d/cloud/#cloud.mk#\\" "" "kalinin\\" 
10/30 19:45:45: uploaded ~/Private/work/cloud/Makefile
10/30 19:58:01: uploaded ~/Private/work/cloud/cloud.org
10/30 20:06:03: uploaded ~/Private/work/cloud/bugs.org
10/30 20:06:03: uploaded ~/programming/emacs/main/kalinin
10/30 20:08:21: uploaded ~/Private/work/cloud/todo.txt
11/01 06:25:25: uploaded ~/Private/work/cloud/bugs.org
11/01 06:25:25: uploaded ~/Private/task.txt
11/01 06:25:41: uploaded ~/Private/txt/ideas.tex
11/01 06:25:43: uploaded ~/Private/txt/diary.txt
11/01 06:25:44: uploaded ~/Private/work/tired/README.org
11/01 06:25:45: uploaded ~/Private/work/cloud/1.el
11/01 06:25:45: uploaded ~/Private/work/cloud/cloud.org
11/01 06:25:45: uploaded ~/Private/work/cloud/next-commit.txt
11/01 06:25:45: uploaded ~/Private/work/cloud/debug.el
11/01 17:54:11: uploaded ~/Private/work/cloud/2.el
11/01 17:54:11: uploaded ~/Private/work/cloud/1.el
11/01 17:54:11: uploaded ~/Private/work/cloud/debug.el
11/01 17:54:11: uploaded ~/Private/work/cloud/cloud.org
11/01 17:54:11: uploaded ~/Private/work/elisp-goodies/goodies.org
11/01 17:54:11: uploaded ~/Private/work/cloud/next-commit.txt
11/01 17:54:11: uploaded ~/Private/txt/diary.txt
11/01 17:54:12: uploaded ~/programming/emacs/main/kalinin
11/01 17:54:12: uploaded ~/.emacs.d/bookmarks
